  AccIII_2_boards.cpp
  Note: including file: C:\Program Files (x86)\VC\include\fstream
  Note: including file:  C:\Program Files (x86)\VC\include\istream
  Note: including file:   C:\Program Files (x86)\VC\include\ostream
  Note: including file:    C:\Program Files (x86)\VC\include\ios
  Note: including file:     C:\Program Files (x86)\VC\include\xlocnum
  Note: including file:      C:\Program Files (x86)\VC\include\climits
  Note: including file:       C:\Program Files (x86)\VC\include\yvals.h
  Note: including file:        C:\Program Files (x86)\VC\include\xkeycheck.h
  Note: including file:        C:\Program Files (x86)\VC\include\crtdefs.h
  Note: including file:         C:\Program Files (x86)\VC\include\vcruntime.h
  Note: including file:        C:\Program Files (x86)\VC\include\use_ansi.h
  Note: including file:      C:\Program Files (x86)\VC\include\cmath
  Note: including file:       C:\Program Files (x86)\Windows Kits\10\Include\10.0.10240.0\ucrt\math.h
  Note: including file:       C:\Program Files (x86)\VC\include\xtgmath.h
  Note: including file:        C:\Program Files (x86)\VC\include\xtr1common
  Note: including file:         C:\Program Files (x86)\VC\include\cstdlib
  Note: including file:      C:\Program Files (x86)\VC\include\cstdio
  Note: including file:      C:\Program Files (x86)\VC\include\streambuf
  Note: including file:       C:\Program Files (x86)\VC\include\xiosbase
  Note: including file:        C:\Program Files (x86)\VC\include\xlocale
  Note: including file:         C:\Program Files (x86)\VC\include\cstring
  Note: including file:         C:\Program Files (x86)\VC\include\stdexcept
  Note: including file:          C:\Program Files (x86)\VC\include\exception
  Note: including file:           C:\Program Files (x86)\VC\include\type_traits
  Note: including file:            C:\Program Files (x86)\VC\include\xstddef
  Note: including file:             C:\Program Files (x86)\VC\include\cstddef
  Note: including file:             C:\Program Files (x86)\VC\include\initializer_list
  Note: including file:           C:\Program Files (x86)\VC\include\vcruntime_exception.h
  Note: including file:            C:\Program Files (x86)\VC\include\eh.h
  Note: including file:             C:\Program Files (x86)\Windows Kits\10\Include\10.0.10240.0\ucrt\corecrt_terminate.h
  Note: including file:          C:\Program Files (x86)\VC\include\xstring
  Note: including file:           C:\Program Files (x86)\VC\include\xmemory0
  Note: including file:            C:\Program Files (x86)\VC\include\cstdint
  Note: including file:             C:\Program Files (x86)\VC\include\stdint.h
  Note: including file:              C:\Program Files (x86)\VC\include\vcruntime.h
  Note: including file:            C:\Program Files (x86)\VC\include\limits
  Note: including file:             C:\Program Files (x86)\VC\include\ymath.h
  Note: including file:             C:\Program Files (x86)\VC\include\cfloat
  Note: including file:             C:\Program Files (x86)\VC\include\cwchar
  Note: including file:            C:\Program Files (x86)\VC\include\new
  Note: including file:            C:\Program Files (x86)\VC\include\xutility
  Note: including file:             C:\Program Files (x86)\VC\include\utility
  Note: including file:              C:\Program Files (x86)\VC\include\iosfwd
  Note: including file:            C:\Program Files (x86)\VC\include\xatomic0.h
  Note: including file:         C:\Program Files (x86)\VC\include\typeinfo
  Note: including file:          C:\Program Files (x86)\VC\include\vcruntime_typeinfo.h
  Note: including file:           C:\Program Files (x86)\VC\include\vcruntime.h
  Note: including file:         C:\Program Files (x86)\VC\include\xlocinfo
  Note: including file:          C:\Program Files (x86)\VC\include\xlocinfo.h
  Note: including file:           C:\Program Files (x86)\Windows Kits\10\Include\10.0.10240.0\ucrt\locale.h
  Note: including file:         C:\Program Files (x86)\VC\include\xfacet
  Note: including file:        C:\Program Files (x86)\VC\include\system_error
  Note: including file:         C:\Program Files (x86)\VC\include\cerrno
  Note: including file:        C:\Program Files (x86)\Windows Kits\10\Include\10.0.10240.0\ucrt\share.h
  Note: including file: C:\Program Files (x86)\VC\include\iostream
  Note: including file: D:\Yitian\OneDrive - ece.ucsb.edu\AccIII\AccIIITwin\headers\DataProc_2_boards.h
  Note: including file:  C:\Program Files (x86)\VC\include\string
d:\yitian\onedrive - ece.ucsb.edu\acciii\acciiitwin\acciii\acciii_2_boards.cpp(24): warning C4244: 'initializing': conversion from 'double' to 'float', possible loss of data
d:\yitian\onedrive - ece.ucsb.edu\acciii\acciiitwin\acciii\acciii_2_boards.cpp(154): warning C4244: 'initializing': conversion from 'LONGLONG' to 'float', possible loss of data
d:\yitian\onedrive - ece.ucsb.edu\acciii\acciiitwin\acciii\acciii_2_boards.cpp(44): warning C4101: 't': unreferenced local variable
  AccIII.vcxproj -> D:\Yitian\OneDrive - ece.ucsb.edu\AccIII\AccIIITwin\AccIII\Debug\AccIII.exe
  AccIII.vcxproj -> D:\Yitian\OneDrive - ece.ucsb.edu\AccIII\AccIIITwin\AccIII\Debug\AccIII.pdb (Full PDB)
