Copyright 1986-2016 Xilinx, Inc. All Rights Reserved.
-------------------------------------------------------------------------------------------------
| Tool Version : Vivado v.2016.2 (win64) Build 1577090 Thu Jun  2 16:32:40 MDT 2016
| Date         : Mon Aug 28 10:54:25 2017
| Host         : DESKTOP-1R4PJEI running 64-bit major release  (build 9200)
| Command      : report_drc -file async_245_fifo_drc_routed.rpt -pb async_245_fifo_drc_routed.pb
| Design       : async_245_fifo
| Device       : xc7a15tftg256-1
| Speed File   : -1
-------------------------------------------------------------------------------------------------

Report DRC

Table of Contents
-----------------
1. REPORT SUMMARY
2. REPORT DETAILS

1. REPORT SUMMARY
-----------------
            Netlist: netlist
          Floorplan: design_1
      Design limits: <entire design considered>
           Ruledeck: default
             Max violations: <unlimited>
             Violations found: 4

2. REPORT DETAILS
-----------------
IOSR-1#1 Warning
IOB set reset sharing  
IO io_data[4] connects to flops which have these SYS_RST/i_reg[7], SYS_RST/usb_en_reg[1] set/reset signals.  For optimal IOB flop packing there should be only one set/reset signal coming into the IOB.
Related violations: <none>

IOSR-1#2 Warning
IOB set reset sharing  
IO io_data[5] connects to flops which have these SYS_RST/i_reg[7], SYS_RST/usb_en_reg[1] set/reset signals.  For optimal IOB flop packing there should be only one set/reset signal coming into the IOB.
Related violations: <none>

IOSR-1#3 Warning
IOB set reset sharing  
IO io_data[6] connects to flops which have these SYS_RST/i_reg[7], SYS_RST/usb_en_reg[1] set/reset signals.  For optimal IOB flop packing there should be only one set/reset signal coming into the IOB.
Related violations: <none>

IOSR-1#4 Warning
IOB set reset sharing  
IO io_data[7] connects to flops which have these SYS_RST/i_reg[7], SYS_RST/usb_en_reg[1] set/reset signals.  For optimal IOB flop packing there should be only one set/reset signal coming into the IOB.
Related violations: <none>


