Copyright 1986-2016 Xilinx, Inc. All Rights Reserved.
----------------------------------------------------------------------------------------------------------------------------------------------------------------
| Tool Version     : Vivado v.2016.1 (win64) Build 1538259 Fri Apr  8 15:45:27 MDT 2016
| Date             : Wed Jan 03 15:05:13 2018
| Host             : RETouch3-PC running 64-bit major release  (build 9200)
| Command          : report_power -file async_245_fifo_power_routed.rpt -pb async_245_fifo_power_summary_routed.pb -rpx async_245_fifo_power_routed.rpx
| Design           : async_245_fifo
| Device           : xc7a15tftg256-1
| Design State     : routed
| Grade            : commercial
| Process          : typical
| Characterization : Production
----------------------------------------------------------------------------------------------------------------------------------------------------------------

Power Report

Table of Contents
-----------------
1. Summary
1.1 On-Chip Components
1.2 Power Supply Summary
1.3 Confidence Level
2. Settings
2.1 Environment
2.2 Clock Constraints
3. Detailed Reports
3.1 By Hierarchy

1. Summary
----------

+--------------------------+-------+
| Total On-Chip Power (W)  | 0.133 |
| Dynamic (W)              | 0.061 |
| Device Static (W)        | 0.072 |
| Effective TJA (C/W)      | 4.9   |
| Max Ambient (C)          | 84.4  |
| Junction Temperature (C) | 25.6  |
| Confidence Level         | Low   |
| Setting File             | ---   |
| Simulation Activity File | ---   |
| Design Nets Matched      | NA    |
+--------------------------+-------+


1.1 On-Chip Components
----------------------

+----------------+-----------+----------+-----------+-----------------+
| On-Chip        | Power (W) | Used     | Available | Utilization (%) |
+----------------+-----------+----------+-----------+-----------------+
| Clocks         |     0.012 |        3 |       --- |             --- |
| Slice Logic    |     0.012 |     7354 |       --- |             --- |
|   LUT as Logic |     0.012 |     4348 |     10400 |           41.81 |
|   Register     |    <0.001 |     1769 |     20800 |            8.50 |
|   F7/F8 Muxes  |    <0.001 |       32 |     32600 |            0.10 |
|   CARRY4       |    <0.001 |       18 |      8150 |            0.22 |
|   Others       |     0.000 |       82 |       --- |             --- |
| Signals        |     0.010 |     5709 |       --- |             --- |
| Block RAM      |     0.002 |        2 |        25 |            8.00 |
| I/O            |     0.025 |       61 |       170 |           35.88 |
| Static Power   |     0.072 |          |           |                 |
| Total          |     0.133 |          |           |                 |
+----------------+-----------+----------+-----------+-----------------+


1.2 Power Supply Summary
------------------------

+-----------+-------------+-----------+-------------+------------+
| Source    | Voltage (V) | Total (A) | Dynamic (A) | Static (A) |
+-----------+-------------+-----------+-------------+------------+
| Vccint    |       1.000 |     0.046 |       0.036 |      0.010 |
| Vccaux    |       1.800 |     0.014 |       0.001 |      0.013 |
| Vcco33    |       3.300 |     0.008 |       0.007 |      0.001 |
| Vcco25    |       2.500 |     0.000 |       0.000 |      0.000 |
| Vcco18    |       1.800 |     0.000 |       0.000 |      0.000 |
| Vcco15    |       1.500 |     0.000 |       0.000 |      0.000 |
| Vcco135   |       1.350 |     0.000 |       0.000 |      0.000 |
| Vcco12    |       1.200 |     0.000 |       0.000 |      0.000 |
| Vccaux_io |       1.800 |     0.000 |       0.000 |      0.000 |
| Vccbram   |       1.000 |     0.000 |       0.000 |      0.000 |
| MGTAVcc   |       1.000 |     0.000 |       0.000 |      0.000 |
| MGTAVtt   |       1.200 |     0.000 |       0.000 |      0.000 |
| Vccadc    |       1.800 |     0.020 |       0.000 |      0.020 |
+-----------+-------------+-----------+-------------+------------+


1.3 Confidence Level
--------------------

+-----------------------------+------------+--------------------------------------------------------+------------------------------------------------------------------------------------------------------------+
| User Input Data             | Confidence | Details                                                | Action                                                                                                     |
+-----------------------------+------------+--------------------------------------------------------+------------------------------------------------------------------------------------------------------------+
| Design implementation state | High       | Design is routed                                       |                                                                                                            |
| Clock nodes activity        | High       | User specified more than 95% of clocks                 |                                                                                                            |
| I/O nodes activity          | Low        | More than 75% of inputs are missing user specification | Provide missing input activity with simulation results or by editing the "By Resource Type -> I/Os" view   |
| Internal nodes activity     | Medium     | User specified less than 25% of internal nodes         | Provide missing internal nodes activity with simulation results or by editing the "By Resource Type" views |
| Device models               | High       | Device models are Production                           |                                                                                                            |
|                             |            |                                                        |                                                                                                            |
| Overall confidence level    | Low        |                                                        |                                                                                                            |
+-----------------------------+------------+--------------------------------------------------------+------------------------------------------------------------------------------------------------------------+


2. Settings
-----------

2.1 Environment
---------------

+-----------------------+--------------------------+
| Ambient Temp (C)      | 25.0                     |
| ThetaJA (C/W)         | 4.9                      |
| Airflow (LFM)         | 250                      |
| Heat Sink             | medium (Medium Profile)  |
| ThetaSA (C/W)         | 4.6                      |
| Board Selection       | medium (10"x10")         |
| # of Board Layers     | 12to15 (12 to 15 Layers) |
| Board Temperature (C) | 25.0                     |
+-----------------------+--------------------------+


2.2 Clock Constraints
---------------------

+-------+--------+-----------------+
| Clock | Domain | Constraint (ns) |
+-------+--------+-----------------+
| i_clk | i_clk  |            10.0 |
+-------+--------+-----------------+


3. Detailed Reports
-------------------

3.1 By Hierarchy
----------------

+----------------------------------------------------------+-----------+
| Name                                                     | Power (W) |
+----------------------------------------------------------+-----------+
| async_245_fifo                                           |     0.061 |
|   IIC_NUM_00                                             |     0.001 |
|     U1                                                   |    <0.001 |
|   IIC_NUM_01                                             |     0.001 |
|     U1                                                   |    <0.001 |
|   IIC_NUM_02                                             |     0.001 |
|     U1                                                   |    <0.001 |
|   IIC_NUM_03                                             |     0.001 |
|     U1                                                   |    <0.001 |
|   IIC_NUM_04                                             |     0.001 |
|     U1                                                   |    <0.001 |
|   IIC_NUM_05                                             |     0.001 |
|     U1                                                   |    <0.001 |
|   IIC_NUM_06                                             |     0.001 |
|     U1                                                   |    <0.001 |
|   IIC_NUM_07                                             |     0.001 |
|     U1                                                   |    <0.001 |
|   IIC_NUM_08                                             |     0.001 |
|     U1                                                   |    <0.001 |
|   IIC_NUM_09                                             |     0.001 |
|     U1                                                   |    <0.001 |
|   IIC_NUM_10                                             |     0.001 |
|     U1                                                   |    <0.001 |
|   IIC_NUM_11                                             |     0.001 |
|     U1                                                   |    <0.001 |
|   IIC_NUM_12                                             |     0.001 |
|     U1                                                   |    <0.001 |
|   IIC_NUM_13                                             |     0.001 |
|     U1                                                   |    <0.001 |
|   IIC_NUM_14                                             |     0.001 |
|     U1                                                   |    <0.001 |
|   IIC_NUM_15                                             |     0.001 |
|     U1                                                   |    <0.001 |
|   IIC_NUM_16                                             |     0.001 |
|     U1                                                   |    <0.001 |
|   IIC_NUM_17                                             |     0.001 |
|     U1                                                   |    <0.001 |
|   IIC_NUM_18                                             |     0.001 |
|     U1                                                   |    <0.001 |
|   IIC_NUM_19                                             |     0.001 |
|     U1                                                   |    <0.001 |
|   IIC_NUM_20                                             |     0.001 |
|     U1                                                   |    <0.001 |
|   IIC_NUM_21                                             |     0.001 |
|     U1                                                   |    <0.001 |
|   IIC_NUM_22                                             |     0.001 |
|     U1                                                   |    <0.001 |
|   SYS_RST                                                |    <0.001 |
|   USB_Handle                                             |    <0.001 |
|   io_data_IOBUF[0]_inst                                  |     0.000 |
|   io_data_IOBUF[1]_inst                                  |     0.000 |
|   io_data_IOBUF[2]_inst                                  |     0.000 |
|   io_data_IOBUF[3]_inst                                  |     0.000 |
|   io_data_IOBUF[4]_inst                                  |     0.000 |
|   io_data_IOBUF[5]_inst                                  |     0.000 |
|   io_data_IOBUF[6]_inst                                  |     0.000 |
|   io_data_IOBUF[7]_inst                                  |     0.000 |
|   nolabel_line311                                        |     0.006 |
|     FIFO_IIC                                             |     0.003 |
|       U0                                                 |     0.003 |
|         inst_fifo_gen                                    |     0.003 |
|           gconvfifo.rf                                   |     0.003 |
|             grf.rf                                       |     0.003 |
|               gntv_or_sync_fifo.gl0.rd                   |    <0.001 |
|                 gr1.gr1_int.rfwft                        |    <0.001 |
|                 grss.rsts                                |    <0.001 |
|                   c1                                     |    <0.001 |
|                   c2                                     |    <0.001 |
|                 rpntr                                    |    <0.001 |
|               gntv_or_sync_fifo.gl0.wr                   |    <0.001 |
|                 gwhf.whf                                 |    <0.001 |
|                 gwss.wsts                                |    <0.001 |
|                   c0                                     |    <0.001 |
|                   c1                                     |    <0.001 |
|                 wpntr                                    |    <0.001 |
|               gntv_or_sync_fifo.mem                      |     0.002 |
|                 gbm.gbmg.gbmga.ngecc.bmg                 |     0.002 |
|                   inst_blk_mem_gen                       |     0.002 |
|                     gnbram.gnativebmg.native_blk_mem_gen |     0.002 |
|                       valid.cstr                         |     0.002 |
|                         ramloop[0].ram.r                 |     0.001 |
|                           prim_noinit.ram                |     0.001 |
|                         ramloop[1].ram.r                 |     0.001 |
|                           prim_noinit.ram                |     0.001 |
|   sda_IOBUF[0]_inst                                      |    <0.001 |
|   sda_IOBUF[10]_inst                                     |    <0.001 |
|   sda_IOBUF[11]_inst                                     |    <0.001 |
|   sda_IOBUF[12]_inst                                     |    <0.001 |
|   sda_IOBUF[13]_inst                                     |    <0.001 |
|   sda_IOBUF[14]_inst                                     |    <0.001 |
|   sda_IOBUF[15]_inst                                     |    <0.001 |
|   sda_IOBUF[16]_inst                                     |    <0.001 |
|   sda_IOBUF[17]_inst                                     |    <0.001 |
|   sda_IOBUF[18]_inst                                     |    <0.001 |
|   sda_IOBUF[19]_inst                                     |    <0.001 |
|   sda_IOBUF[1]_inst                                      |    <0.001 |
|   sda_IOBUF[20]_inst                                     |    <0.001 |
|   sda_IOBUF[21]_inst                                     |    <0.001 |
|   sda_IOBUF[22]_inst                                     |     0.001 |
|   sda_IOBUF[2]_inst                                      |    <0.001 |
|   sda_IOBUF[3]_inst                                      |    <0.001 |
|   sda_IOBUF[4]_inst                                      |    <0.001 |
|   sda_IOBUF[5]_inst                                      |    <0.001 |
|   sda_IOBUF[6]_inst                                      |    <0.001 |
|   sda_IOBUF[7]_inst                                      |    <0.001 |
|   sda_IOBUF[8]_inst                                      |    <0.001 |
|   sda_IOBUF[9]_inst                                      |    <0.001 |
+----------------------------------------------------------+-----------+


