INFO: [VRFC 10-2263] Analyzing SystemVerilog file "C:/Xilinx/Vivado/2016.2/data/ip/xpm/xpm_cdc/hdl/xpm_cdc.sv" into library xil_defaultlib
INFO: [VRFC 10-311] analyzing module xpm_cdc_single
INFO: [VRFC 10-311] analyzing module xpm_cdc_gray
INFO: [VRFC 10-311] analyzing module xpm_cdc_handshake
INFO: [VRFC 10-311] analyzing module xpm_cdc_pulse
INFO: [VRFC 10-311] analyzing module xpm_cdc_array_single
INFO: [VRFC 10-311] analyzing module xpm_cdc_sync_rst
INFO: [VRFC 10-311] analyzing module xpm_cdc_async_rst
INFO: [VRFC 10-2263] Analyzing SystemVerilog file "C:/Xilinx/Vivado/2016.2/data/ip/xpm/xpm_memory/hdl/xpm_memory_base.sv" into library xil_defaultlib
INFO: [VRFC 10-311] analyzing module xpm_memory_base
INFO: [VRFC 10-2263] Analyzing SystemVerilog file "C:/Xilinx/Vivado/2016.2/data/ip/xpm/xpm_memory/hdl/xpm_memory_dpdistram.sv" into library xil_defaultlib
INFO: [VRFC 10-311] analyzing module xpm_memory_dpdistram
INFO: [VRFC 10-2263] Analyzing SystemVerilog file "C:/Xilinx/Vivado/2016.2/data/ip/xpm/xpm_memory/hdl/xpm_memory_dprom.sv" into library xil_defaultlib
INFO: [VRFC 10-311] analyzing module xpm_memory_dprom
INFO: [VRFC 10-2263] Analyzing SystemVerilog file "C:/Xilinx/Vivado/2016.2/data/ip/xpm/xpm_memory/hdl/xpm_memory_sdpram.sv" into library xil_defaultlib
INFO: [VRFC 10-311] analyzing module xpm_memory_sdpram
INFO: [VRFC 10-2263] Analyzing SystemVerilog file "C:/Xilinx/Vivado/2016.2/data/ip/xpm/xpm_memory/hdl/xpm_memory_spram.sv" into library xil_defaultlib
INFO: [VRFC 10-311] analyzing module xpm_memory_spram
INFO: [VRFC 10-2263] Analyzing SystemVerilog file "C:/Xilinx/Vivado/2016.2/data/ip/xpm/xpm_memory/hdl/xpm_memory_sprom.sv" into library xil_defaultlib
INFO: [VRFC 10-311] analyzing module xpm_memory_sprom
INFO: [VRFC 10-2263] Analyzing SystemVerilog file "C:/Xilinx/Vivado/2016.2/data/ip/xpm/xpm_memory/hdl/xpm_memory_tdpram.sv" into library xil_defaultlib
INFO: [VRFC 10-311] analyzing module xpm_memory_tdpram
INFO: [VRFC 10-2263] Analyzing Verilog file "D:/USA/FT2232H/RTL/prj_ft2232h_bak_015_remove_send_data_number_limit_control_receive_number_from_PC/prj_ft2232h/prj_ft2232h/prj_ft2232h.srcs/sources_1/new/iic_savemod.v" into library xil_defaultlib
INFO: [VRFC 10-311] analyzing module iic_savemod
INFO: [VRFC 10-2263] Analyzing Verilog file "D:/USA/FT2232H/RTL/prj_ft2232h_bak_015_remove_send_data_number_limit_control_receive_number_from_PC/prj_ft2232h/prj_ft2232h/prj_ft2232h.ip_user_files/ipstatic/fifo_generator_v13_1_1/simulation/fifo_generator_vlog_beh.v" into library fifo_generator_v13_1_1
INFO: [VRFC 10-311] analyzing module fifo_generator_vlog_beh
INFO: [VRFC 10-2458] undeclared symbol wr_eop_ad, assumed default net type wire [D:/USA/FT2232H/RTL/prj_ft2232h_bak_015_remove_send_data_number_limit_control_receive_number_from_PC/prj_ft2232h/prj_ft2232h/prj_ft2232h.ip_user_files/ipstatic/fifo_generator_v13_1_1/simulation/fifo_generator_vlog_beh.v:1321]
INFO: [VRFC 10-2458] undeclared symbol rd_eop_ad, assumed default net type wire [D:/USA/FT2232H/RTL/prj_ft2232h_bak_015_remove_send_data_number_limit_control_receive_number_from_PC/prj_ft2232h/prj_ft2232h/prj_ft2232h.ip_user_files/ipstatic/fifo_generator_v13_1_1/simulation/fifo_generator_vlog_beh.v:1322]
INFO: [VRFC 10-2458] undeclared symbol wr_rst_busy_axis, assumed default net type wire [D:/USA/FT2232H/RTL/prj_ft2232h_bak_015_remove_send_data_number_limit_control_receive_number_from_PC/prj_ft2232h/prj_ft2232h/prj_ft2232h.ip_user_files/ipstatic/fifo_generator_v13_1_1/simulation/fifo_generator_vlog_beh.v:1561]
INFO: [VRFC 10-2458] undeclared symbol rd_rst_busy_axis, assumed default net type wire [D:/USA/FT2232H/RTL/prj_ft2232h_bak_015_remove_send_data_number_limit_control_receive_number_from_PC/prj_ft2232h/prj_ft2232h/prj_ft2232h.ip_user_files/ipstatic/fifo_generator_v13_1_1/simulation/fifo_generator_vlog_beh.v:1562]
INFO: [VRFC 10-2458] undeclared symbol wr_rst_busy_wach, assumed default net type wire [D:/USA/FT2232H/RTL/prj_ft2232h_bak_015_remove_send_data_number_limit_control_receive_number_from_PC/prj_ft2232h/prj_ft2232h/prj_ft2232h.ip_user_files/ipstatic/fifo_generator_v13_1_1/simulation/fifo_generator_vlog_beh.v:2087]
INFO: [VRFC 10-2458] undeclared symbol rd_rst_busy_wach, assumed default net type wire [D:/USA/FT2232H/RTL/prj_ft2232h_bak_015_remove_send_data_number_limit_control_receive_number_from_PC/prj_ft2232h/prj_ft2232h/prj_ft2232h.ip_user_files/ipstatic/fifo_generator_v13_1_1/simulation/fifo_generator_vlog_beh.v:2088]
INFO: [VRFC 10-2458] undeclared symbol wr_rst_busy_wdch, assumed default net type wire [D:/USA/FT2232H/RTL/prj_ft2232h_bak_015_remove_send_data_number_limit_control_receive_number_from_PC/prj_ft2232h/prj_ft2232h/prj_ft2232h.ip_user_files/ipstatic/fifo_generator_v13_1_1/simulation/fifo_generator_vlog_beh.v:2307]
INFO: [VRFC 10-2458] undeclared symbol rd_rst_busy_wdch, assumed default net type wire [D:/USA/FT2232H/RTL/prj_ft2232h_bak_015_remove_send_data_number_limit_control_receive_number_from_PC/prj_ft2232h/prj_ft2232h/prj_ft2232h.ip_user_files/ipstatic/fifo_generator_v13_1_1/simulation/fifo_generator_vlog_beh.v:2308]
INFO: [VRFC 10-2458] undeclared symbol wr_rst_busy_wrch, assumed default net type wire [D:/USA/FT2232H/RTL/prj_ft2232h_bak_015_remove_send_data_number_limit_control_receive_number_from_PC/prj_ft2232h/prj_ft2232h/prj_ft2232h.ip_user_files/ipstatic/fifo_generator_v13_1_1/simulation/fifo_generator_vlog_beh.v:2474]
INFO: [VRFC 10-2458] undeclared symbol rd_rst_busy_wrch, assumed default net type wire [D:/USA/FT2232H/RTL/prj_ft2232h_bak_015_remove_send_data_number_limit_control_receive_number_from_PC/prj_ft2232h/prj_ft2232h/prj_ft2232h.ip_user_files/ipstatic/fifo_generator_v13_1_1/simulation/fifo_generator_vlog_beh.v:2475]
INFO: [VRFC 10-2458] undeclared symbol wr_rst_busy_rach, assumed default net type wire [D:/USA/FT2232H/RTL/prj_ft2232h_bak_015_remove_send_data_number_limit_control_receive_number_from_PC/prj_ft2232h/prj_ft2232h/prj_ft2232h.ip_user_files/ipstatic/fifo_generator_v13_1_1/simulation/fifo_generator_vlog_beh.v:2854]
INFO: [VRFC 10-2458] undeclared symbol rd_rst_busy_rach, assumed default net type wire [D:/USA/FT2232H/RTL/prj_ft2232h_bak_015_remove_send_data_number_limit_control_receive_number_from_PC/prj_ft2232h/prj_ft2232h/prj_ft2232h.ip_user_files/ipstatic/fifo_generator_v13_1_1/simulation/fifo_generator_vlog_beh.v:2855]
INFO: [VRFC 10-2458] undeclared symbol wr_rst_busy_rdch, assumed default net type wire [D:/USA/FT2232H/RTL/prj_ft2232h_bak_015_remove_send_data_number_limit_control_receive_number_from_PC/prj_ft2232h/prj_ft2232h/prj_ft2232h.ip_user_files/ipstatic/fifo_generator_v13_1_1/simulation/fifo_generator_vlog_beh.v:3087]
INFO: [VRFC 10-2458] undeclared symbol rd_rst_busy_rdch, assumed default net type wire [D:/USA/FT2232H/RTL/prj_ft2232h_bak_015_remove_send_data_number_limit_control_receive_number_from_PC/prj_ft2232h/prj_ft2232h/prj_ft2232h.ip_user_files/ipstatic/fifo_generator_v13_1_1/simulation/fifo_generator_vlog_beh.v:3088]
INFO: [VRFC 10-311] analyzing module fifo_generator_v13_1_1_CONV_VER
INFO: [VRFC 10-311] analyzing module fifo_generator_v13_1_1_sync_stage
INFO: [VRFC 10-311] analyzing module fifo_generator_v13_1_1_bhv_ver_as
INFO: [VRFC 10-311] analyzing module fifo_generator_v13_1_1_beh_ver_ll_afifo
INFO: [VRFC 10-311] analyzing module fifo_generator_v13_1_1_bhv_ver_ss
INFO: [VRFC 10-2458] undeclared symbol srst_wrst_busy, assumed default net type wire [D:/USA/FT2232H/RTL/prj_ft2232h_bak_015_remove_send_data_number_limit_control_receive_number_from_PC/prj_ft2232h/prj_ft2232h/prj_ft2232h.ip_user_files/ipstatic/fifo_generator_v13_1_1/simulation/fifo_generator_vlog_beh.v:7752]
INFO: [VRFC 10-311] analyzing module fifo_generator_v13_1_1_bhv_ver_preload0
INFO: [VRFC 10-311] analyzing module fifo_generator_v13_1_1_axic_reg_slice
INFO: [VRFC 10-2263] Analyzing Verilog file "D:/USA/FT2232H/RTL/prj_ft2232h_bak_015_remove_send_data_number_limit_control_receive_number_from_PC/prj_ft2232h/prj_ft2232h/prj_ft2232h.ip_user_files/ipstatic/fifo_generator_v13_1_1/hdl/fifo_generator_v13_1_rfs.v" into library fifo_generator_v13_1_1
