#-----------------------------------------------------------
# Vivado v2016.1 (64-bit)
# SW Build 1538259 on Fri Apr  8 15:45:27 MDT 2016
# IP Build 1537824 on Fri Apr  8 04:28:57 MDT 2016
# Start of session at: Wed Jan 03 13:54:35 2018
# Process ID: 8168
# Current directory: D:/Yitian/OneDrive - ece.ucsb.edu/AccIII/FPGAProgram/Final_400K_DeviceID_with_value
# Command line: vivado.exe -gui_launcher_event rodinguilauncherevent1284 D:\Yitian\OneDrive - ece.ucsb.edu\AccIII\FPGAProgram\Final_400K_DeviceID_with_value\400K_DeviceID_with_value.xpr
# Log file: D:/Yitian/OneDrive - ece.ucsb.edu/AccIII/FPGAProgram/Final_400K_DeviceID_with_value/vivado.log
# Journal file: D:/Yitian/OneDrive - ece.ucsb.edu/AccIII/FPGAProgram/Final_400K_DeviceID_with_value\vivado.jou
#-----------------------------------------------------------
start_gui
open_project {D:/Yitian/OneDrive - ece.ucsb.edu/AccIII/FPGAProgram/Final_400K_DeviceID_with_value/400K_DeviceID_with_value.xpr}
INFO: [ProjectBase 1-489] The host OS only allows 260 characters in a normal path. The project is stored in a path with more than 80 characters. If you experience issues with IP, Block Designs, or files not being found, please consider moving the project to a location with a shorter path. Alternately consider using the OS subst command to map part of the path to a drive letter.
Current project path is 'D:/Yitian/OneDrive - ece.ucsb.edu/AccIII/FPGAProgram/Final_400K_DeviceID_with_value'
Scanning sources...
Finished scanning sources
INFO: [IP_Flow 19-234] Refreshing IP repositories
INFO: [IP_Flow 19-1704] No user IP repositories specified
INFO: [IP_Flow 19-2313] Loaded Vivado IP repository 'D:/DProgram/Xilinx/Vivado/2016.1/data/ip'.
WARNING: [IP_Flow 19-2162] IP 'clk_wiz_0' is locked:
* IP definition 'Clocking Wizard (5.3)' for IP 'clk_wiz_0' has a different revision in the IP Catalog.
Please select 'Report IP Status' from the 'Tools/Report' menu or run Tcl command 'report_ip_status' for more information.
WARNING: [IP_Flow 19-2162] IP 'fifo_IIC' is locked:
* IP definition 'FIFO Generator (13.1)' for IP 'fifo_IIC' has a different revision in the IP Catalog.
Please select 'Report IP Status' from the 'Tools/Report' menu or run Tcl command 'report_ip_status' for more information.
update_compile_order -fileset sources_1
reset_run synth_1
launch_runs synth_1
INFO: [HDL 9-2216] Analyzing Verilog file "D:/Yitian/OneDrive - ece.ucsb.edu/AccIII/FPGAProgram/Final_400K_DeviceID_with_value/400K_DeviceID_with_value.srcs/sources_1/new/iic_savemod.v" into library work [D:/Yitian/OneDrive - ece.ucsb.edu/AccIII/FPGAProgram/Final_400K_DeviceID_with_value/400K_DeviceID_with_value.srcs/sources_1/new/iic_savemod.v:1]
[Wed Jan 03 14:56:39 2018] Launched synth_1...
Run output will be captured here: D:/Yitian/OneDrive - ece.ucsb.edu/AccIII/FPGAProgram/Final_400K_DeviceID_with_value/400K_DeviceID_with_value.runs/synth_1/runme.log
launch_runs impl_1
[Wed Jan 03 14:57:58 2018] Launched impl_1...
Run output will be captured here: D:/Yitian/OneDrive - ece.ucsb.edu/AccIII/FPGAProgram/Final_400K_DeviceID_with_value/400K_DeviceID_with_value.runs/impl_1/runme.log
launch_runs impl_1 -to_step write_bitstream
[Wed Jan 03 14:59:15 2018] Launched impl_1...
Run output will be captured here: D:/Yitian/OneDrive - ece.ucsb.edu/AccIII/FPGAProgram/Final_400K_DeviceID_with_value/400K_DeviceID_with_value.runs/impl_1/runme.log
open_hw
connect_hw_server
INFO: [Labtools 27-2285] Connecting to hw_server url TCP:localhost:3121
INFO: [Labtools 27-2222] Launching hw_server...
INFO: [Labtools 27-2221] Launch Output:

****** Xilinx hw_server v2016.1
  **** Build date : Apr  8 2016-16:12:32
    ** Copyright 1986-2016 Xilinx, Inc. All Rights Reserved.


open_hw_target
INFO: [Labtoolstcl 44-466] Opening hw_target localhost:3121/xilinx_tcf/Digilent/210251A087FD
set_property PROGRAM.FILE {D:/Yitian/OneDrive - ece.ucsb.edu/AccIII/FPGAProgram/Final_400K_DeviceID_with_value/400K_DeviceID_with_value.runs/impl_1/async_245_fifo.bit} [lindex [get_hw_devices] 0]
current_hw_device [lindex [get_hw_devices] 0]
refresh_hw_device -update_hw_probes false [lindex [get_hw_devices] 0]
INFO: [Labtools 27-1435] Device xc7a15t (JTAG device index = 0) is not programmed (DONE status = 0).
refresh_hw_device [lindex [get_hw_devices] 0]
INFO: [Labtools 27-1435] Device xc7a15t (JTAG device index = 0) is not programmed (DONE status = 0).
set_property PROBES.FILE {} [lindex [get_hw_devices] 0]
set_property PROGRAM.FILE {D:/Yitian/OneDrive - ece.ucsb.edu/AccIII/FPGAProgram/Final_400K_DeviceID_with_value/400K_DeviceID_with_value.runs/impl_1/async_245_fifo.bit} [lindex [get_hw_devices] 0]
program_hw_devices [lindex [get_hw_devices] 0]
INFO: [Labtools 27-3164] End of startup status: HIGH
refresh_hw_device [lindex [get_hw_devices] 0]
INFO: [Labtools 27-1434] Device xc7a15t (JTAG device index = 0) is programmed with a design that has no supported debug core(s) in it.
WARNING: [Labtools 27-3123] The debug hub core was not detected at User Scan Chain 1 or 3.
Resolution: 
1. Make sure the clock connected to the debug hub (dbg_hub) core is a free running clock and is active OR
2. Manually launch hw_server with -e "set xsdb-user-bscan <C_USER_SCAN_CHAIN scan_chain_number>" to detect the debug hub at User Scan Chain of 2 or 4. To determine the user scan chain setting, open the implemented design and use: get_property C_USER_SCAN_CHAIN [get_debug_cores dbg_hub].
ERROR: [Labtoolstcl 44-513] HW Target shutdown. Closing target: localhost:3121/xilinx_tcf/Digilent/210251A087FD
INFO: [Labtoolstcl 44-466] Opening hw_target localhost:3121/xilinx_tcf/Digilent/210251A087FD
INFO: [Labtools 27-1435] Device xc7a15t (JTAG device index = 0) is not programmed (DONE status = 0).
reset_run synth_1
launch_runs synth_1
INFO: [HDL 9-2216] Analyzing Verilog file "D:/Yitian/OneDrive - ece.ucsb.edu/AccIII/FPGAProgram/Final_400K_DeviceID_with_value/400K_DeviceID_with_value.srcs/sources_1/new/iic_savemod.v" into library work [D:/Yitian/OneDrive - ece.ucsb.edu/AccIII/FPGAProgram/Final_400K_DeviceID_with_value/400K_DeviceID_with_value.srcs/sources_1/new/iic_savemod.v:1]
[Wed Jan 03 15:02:51 2018] Launched synth_1...
Run output will be captured here: D:/Yitian/OneDrive - ece.ucsb.edu/AccIII/FPGAProgram/Final_400K_DeviceID_with_value/400K_DeviceID_with_value.runs/synth_1/runme.log
launch_runs impl_1
[Wed Jan 03 15:04:02 2018] Launched impl_1...
Run output will be captured here: D:/Yitian/OneDrive - ece.ucsb.edu/AccIII/FPGAProgram/Final_400K_DeviceID_with_value/400K_DeviceID_with_value.runs/impl_1/runme.log
launch_runs impl_1 -to_step write_bitstream
[Wed Jan 03 15:05:20 2018] Launched impl_1...
Run output will be captured here: D:/Yitian/OneDrive - ece.ucsb.edu/AccIII/FPGAProgram/Final_400K_DeviceID_with_value/400K_DeviceID_with_value.runs/impl_1/runme.log
refresh_hw_device [lindex [get_hw_devices] 0]
INFO: [Labtools 27-1435] Device xc7a15t (JTAG device index = 0) is not programmed (DONE status = 0).
set_property PROBES.FILE {} [lindex [get_hw_devices] 0]
set_property PROGRAM.FILE {D:/Yitian/OneDrive - ece.ucsb.edu/AccIII/FPGAProgram/Final_400K_DeviceID_with_value/400K_DeviceID_with_value.runs/impl_1/async_245_fifo.bit} [lindex [get_hw_devices] 0]
program_hw_devices [lindex [get_hw_devices] 0]
INFO: [Labtools 27-3164] End of startup status: HIGH
refresh_hw_device [lindex [get_hw_devices] 0]
INFO: [Labtools 27-1434] Device xc7a15t (JTAG device index = 0) is programmed with a design that has no supported debug core(s) in it.
WARNING: [Labtools 27-3123] The debug hub core was not detected at User Scan Chain 1 or 3.
Resolution: 
1. Make sure the clock connected to the debug hub (dbg_hub) core is a free running clock and is active OR
2. Manually launch hw_server with -e "set xsdb-user-bscan <C_USER_SCAN_CHAIN scan_chain_number>" to detect the debug hub at User Scan Chain of 2 or 4. To determine the user scan chain setting, open the implemented design and use: get_property C_USER_SCAN_CHAIN [get_debug_cores dbg_hub].
ERROR: [Labtoolstcl 44-513] HW Target shutdown. Closing target: localhost:3121/xilinx_tcf/Digilent/210251A087FD
INFO: [Labtoolstcl 44-466] Opening hw_target localhost:3121/xilinx_tcf/Digilent/210251A087FD
INFO: [Labtools 27-1434] Device xc7a15t (JTAG device index = 0) is programmed with a design that has no supported debug core(s) in it.
WARNING: [Labtools 27-3123] The debug hub core was not detected at User Scan Chain 1 or 3.
Resolution: 
1. Make sure the clock connected to the debug hub (dbg_hub) core is a free running clock and is active OR
2. Manually launch hw_server with -e "set xsdb-user-bscan <C_USER_SCAN_CHAIN scan_chain_number>" to detect the debug hub at User Scan Chain of 2 or 4. To determine the user scan chain setting, open the implemented design and use: get_property C_USER_SCAN_CHAIN [get_debug_cores dbg_hub].
create_hw_cfgmem -hw_device [lindex [get_hw_devices] 0] -mem_dev  [lindex [get_cfgmem_parts {n25q256-3.3v-spi-x1_x2_x4}] 0]
set_property PROGRAM.BLANK_CHECK  0 [ get_property PROGRAM.HW_CFGMEM [lindex [get_hw_devices] 0 ]]
set_property PROGRAM.ERASE  1 [ get_property PROGRAM.HW_CFGMEM [lindex [get_hw_devices] 0 ]]
set_property PROGRAM.CFG_PROGRAM  1 [ get_property PROGRAM.HW_CFGMEM [lindex [get_hw_devices] 0 ]]
set_property PROGRAM.VERIFY  1 [ get_property PROGRAM.HW_CFGMEM [lindex [get_hw_devices] 0 ]]
set_property PROGRAM.CHECKSUM  0 [ get_property PROGRAM.HW_CFGMEM [lindex [get_hw_devices] 0 ]]
refresh_hw_device [lindex [get_hw_devices] 0]
INFO: [Labtools 27-1435] Device xc7a15t (JTAG device index = 0) is not programmed (DONE status = 0).
set_property PROGRAM.ADDRESS_RANGE  {use_file} [ get_property PROGRAM.HW_CFGMEM [lindex [get_hw_devices] 0 ]]
set_property PROGRAM.FILES [list "D:/Yitian/OneDrive - ece.ucsb.edu/AccIII/FPGAProgram/Final_400K_DeviceID_with_value/400K_DeviceID_with_value.runs/impl_1/async_245_fifo.bin" ] [ get_property PROGRAM.HW_CFGMEM [lindex [get_hw_devices] 0]]
set_property PROGRAM.UNUSED_PIN_TERMINATION {pull-none} [ get_property PROGRAM.HW_CFGMEM [lindex [get_hw_devices] 0 ]]
set_property PROGRAM.BLANK_CHECK  0 [ get_property PROGRAM.HW_CFGMEM [lindex [get_hw_devices] 0 ]]
set_property PROGRAM.ERASE  1 [ get_property PROGRAM.HW_CFGMEM [lindex [get_hw_devices] 0 ]]
set_property PROGRAM.CFG_PROGRAM  1 [ get_property PROGRAM.HW_CFGMEM [lindex [get_hw_devices] 0 ]]
set_property PROGRAM.VERIFY  1 [ get_property PROGRAM.HW_CFGMEM [lindex [get_hw_devices] 0 ]]
set_property PROGRAM.CHECKSUM  0 [ get_property PROGRAM.HW_CFGMEM [lindex [get_hw_devices] 0 ]]
set_property PROGRAM.PRM_FILES [list "" ] [ get_property PROGRAM.HW_CFGMEM [lindex [get_hw_devices] 0]]
set_property PROGRAM.ADDRESS_RANGE  {use_file} [ get_property PROGRAM.HW_CFGMEM [lindex [get_hw_devices] 0 ]]
set_property PROGRAM.FILES [list "D:/Yitian/OneDrive - ece.ucsb.edu/AccIII/FPGAProgram/Final_400K_DeviceID_with_value/400K_DeviceID_with_value.runs/impl_1/async_245_fifo.bin" ] [ get_property PROGRAM.HW_CFGMEM [lindex [get_hw_devices] 0]]
set_property PROGRAM.UNUSED_PIN_TERMINATION {pull-none} [ get_property PROGRAM.HW_CFGMEM [lindex [get_hw_devices] 0 ]]
set_property PROGRAM.BLANK_CHECK  0 [ get_property PROGRAM.HW_CFGMEM [lindex [get_hw_devices] 0 ]]
set_property PROGRAM.ERASE  1 [ get_property PROGRAM.HW_CFGMEM [lindex [get_hw_devices] 0 ]]
set_property PROGRAM.CFG_PROGRAM  1 [ get_property PROGRAM.HW_CFGMEM [lindex [get_hw_devices] 0 ]]
set_property PROGRAM.VERIFY  1 [ get_property PROGRAM.HW_CFGMEM [lindex [get_hw_devices] 0 ]]
set_property PROGRAM.CHECKSUM  0 [ get_property PROGRAM.HW_CFGMEM [lindex [get_hw_devices] 0 ]]
startgroup 
if {![string equal [get_property PROGRAM.HW_CFGMEM_TYPE  [lindex [get_hw_devices] 0]] [get_property MEM_TYPE [get_property CFGMEM_PART [get_property PROGRAM.HW_CFGMEM [lindex [get_hw_devices] 0 ]]]]] }  { create_hw_bitstream -hw_device [lindex [get_hw_devices] 0] [get_property PROGRAM.HW_CFGMEM_BITFILE [ lindex [get_hw_devices] 0]]; program_hw_devices [lindex [get_hw_devices] 0]; }; 
INFO: [Labtools 27-3164] End of startup status: HIGH
program_hw_cfgmem -hw_cfgmem [get_property PROGRAM.HW_CFGMEM [lindex [get_hw_devices] 0 ]]
Mfg ID : 20   Memory Type : ba   Memory Capacity : 19   Device ID 1 : 0   Device ID 2 : 0
Performing Erase Operation...
Erase Operation successful.
Performing Program and Verify Operations...
Program/Verify Operation successful.
INFO: [Labtoolstcl 44-377] Flash programming completed successfully
program_hw_cfgmem: Time (s): cpu = 00:00:01 ; elapsed = 00:01:07 . Memory (MB): peak = 952.508 ; gain = 0.000
endgroup
ERROR: [Labtoolstcl 44-513] HW Target shutdown. Closing target: localhost:3121/xilinx_tcf/Digilent/210251A087FD
exit
INFO: [Common 17-206] Exiting Vivado at Wed Jan 03 15:53:28 2018...
