
*** Running vivado
    with args -log async_245_fifo.vds -m64 -mode batch -messageDb vivado.pb -notrace -source async_245_fifo.tcl


****** Vivado v2016.1 (64-bit)
  **** SW Build 1538259 on Fri Apr  8 15:45:27 MDT 2016
  **** IP Build 1537824 on Fri Apr  8 04:28:57 MDT 2016
    ** Copyright 1986-2016 Xilinx, Inc. All Rights Reserved.

source async_245_fifo.tcl -notrace
Command: synth_design -top async_245_fifo -part xc7a15tftg256-1
Starting synth_design
Attempting to get a license for feature 'Synthesis' and/or device 'xc7a15t'
INFO: [Common 17-349] Got license for feature 'Synthesis' and/or device 'xc7a15t'
INFO: Launching helper process for spawning children vivado processes
INFO: Helper process launched with PID 11764 
---------------------------------------------------------------------------------
Starting RTL Elaboration : Time (s): cpu = 00:00:03 ; elapsed = 00:00:04 . Memory (MB): peak = 268.637 ; gain = 61.480
---------------------------------------------------------------------------------
INFO: [Synth 8-638] synthesizing module 'async_245_fifo' [D:/Simdatablinkled/Simdatablinkled.srcs/sources_1/imports/new/async_245_fifo.v:22]
INFO: [Synth 8-638] synthesizing module 'sys_rst' [D:/Simdatablinkled/Simdatablinkled.srcs/sources_1/new/sys_rst.v:23]
INFO: [Synth 8-256] done synthesizing module 'sys_rst' (1#1) [D:/Simdatablinkled/Simdatablinkled.srcs/sources_1/new/sys_rst.v:23]
WARNING: [Synth 8-387] label required on module instance [D:/Simdatablinkled/Simdatablinkled.srcs/sources_1/imports/new/async_245_fifo.v:312]
INFO: [Synth 8-638] synthesizing module 'fifo_proc' [D:/Simdatablinkled/Simdatablinkled.srcs/sources_1/new/fifo_proc.v:22]
INFO: [Synth 8-155] case statement is not full and has no default [D:/Simdatablinkled/Simdatablinkled.srcs/sources_1/new/fifo_proc.v:58]
WARNING: [Synth 8-3848] Net iic_data[22] in module/entity fifo_proc does not have driver. [D:/Simdatablinkled/Simdatablinkled.srcs/sources_1/new/fifo_proc.v:41]
WARNING: [Synth 8-3848] Net iic_data[21] in module/entity fifo_proc does not have driver. [D:/Simdatablinkled/Simdatablinkled.srcs/sources_1/new/fifo_proc.v:41]
WARNING: [Synth 8-3848] Net iic_data[20] in module/entity fifo_proc does not have driver. [D:/Simdatablinkled/Simdatablinkled.srcs/sources_1/new/fifo_proc.v:41]
WARNING: [Synth 8-3848] Net iic_data[19] in module/entity fifo_proc does not have driver. [D:/Simdatablinkled/Simdatablinkled.srcs/sources_1/new/fifo_proc.v:41]
WARNING: [Synth 8-3848] Net iic_data[18] in module/entity fifo_proc does not have driver. [D:/Simdatablinkled/Simdatablinkled.srcs/sources_1/new/fifo_proc.v:41]
WARNING: [Synth 8-3848] Net iic_data[17] in module/entity fifo_proc does not have driver. [D:/Simdatablinkled/Simdatablinkled.srcs/sources_1/new/fifo_proc.v:41]
WARNING: [Synth 8-3848] Net iic_data[16] in module/entity fifo_proc does not have driver. [D:/Simdatablinkled/Simdatablinkled.srcs/sources_1/new/fifo_proc.v:41]
WARNING: [Synth 8-3848] Net iic_data[15] in module/entity fifo_proc does not have driver. [D:/Simdatablinkled/Simdatablinkled.srcs/sources_1/new/fifo_proc.v:41]
WARNING: [Synth 8-3848] Net iic_data[14] in module/entity fifo_proc does not have driver. [D:/Simdatablinkled/Simdatablinkled.srcs/sources_1/new/fifo_proc.v:41]
WARNING: [Synth 8-3848] Net iic_data[13] in module/entity fifo_proc does not have driver. [D:/Simdatablinkled/Simdatablinkled.srcs/sources_1/new/fifo_proc.v:41]
WARNING: [Synth 8-3848] Net iic_data[12] in module/entity fifo_proc does not have driver. [D:/Simdatablinkled/Simdatablinkled.srcs/sources_1/new/fifo_proc.v:41]
WARNING: [Synth 8-3848] Net iic_data[11] in module/entity fifo_proc does not have driver. [D:/Simdatablinkled/Simdatablinkled.srcs/sources_1/new/fifo_proc.v:41]
WARNING: [Synth 8-3848] Net iic_data[10] in module/entity fifo_proc does not have driver. [D:/Simdatablinkled/Simdatablinkled.srcs/sources_1/new/fifo_proc.v:41]
WARNING: [Synth 8-3848] Net iic_data[9] in module/entity fifo_proc does not have driver. [D:/Simdatablinkled/Simdatablinkled.srcs/sources_1/new/fifo_proc.v:41]
WARNING: [Synth 8-3848] Net iic_data[8] in module/entity fifo_proc does not have driver. [D:/Simdatablinkled/Simdatablinkled.srcs/sources_1/new/fifo_proc.v:41]
WARNING: [Synth 8-3848] Net iic_data[7] in module/entity fifo_proc does not have driver. [D:/Simdatablinkled/Simdatablinkled.srcs/sources_1/new/fifo_proc.v:41]
WARNING: [Synth 8-3848] Net iic_data[6] in module/entity fifo_proc does not have driver. [D:/Simdatablinkled/Simdatablinkled.srcs/sources_1/new/fifo_proc.v:41]
WARNING: [Synth 8-3848] Net iic_data[5] in module/entity fifo_proc does not have driver. [D:/Simdatablinkled/Simdatablinkled.srcs/sources_1/new/fifo_proc.v:41]
WARNING: [Synth 8-3848] Net iic_data[4] in module/entity fifo_proc does not have driver. [D:/Simdatablinkled/Simdatablinkled.srcs/sources_1/new/fifo_proc.v:41]
WARNING: [Synth 8-3848] Net iic_data[3] in module/entity fifo_proc does not have driver. [D:/Simdatablinkled/Simdatablinkled.srcs/sources_1/new/fifo_proc.v:41]
WARNING: [Synth 8-3848] Net iic_data[2] in module/entity fifo_proc does not have driver. [D:/Simdatablinkled/Simdatablinkled.srcs/sources_1/new/fifo_proc.v:41]
WARNING: [Synth 8-3848] Net iic_data[1] in module/entity fifo_proc does not have driver. [D:/Simdatablinkled/Simdatablinkled.srcs/sources_1/new/fifo_proc.v:41]
WARNING: [Synth 8-3848] Net iic_data[0] in module/entity fifo_proc does not have driver. [D:/Simdatablinkled/Simdatablinkled.srcs/sources_1/new/fifo_proc.v:41]
INFO: [Synth 8-256] done synthesizing module 'fifo_proc' (2#1) [D:/Simdatablinkled/Simdatablinkled.srcs/sources_1/new/fifo_proc.v:22]
WARNING: [Synth 8-3848] Net o_rd in module/entity async_245_fifo does not have driver. [D:/Simdatablinkled/Simdatablinkled.srcs/sources_1/imports/new/async_245_fifo.v:29]
WARNING: [Synth 8-3848] Net o_wr in module/entity async_245_fifo does not have driver. [D:/Simdatablinkled/Simdatablinkled.srcs/sources_1/imports/new/async_245_fifo.v:30]
WARNING: [Synth 8-3848] Net scl in module/entity async_245_fifo does not have driver. [D:/Simdatablinkled/Simdatablinkled.srcs/sources_1/imports/new/async_245_fifo.v:33]
WARNING: [Synth 8-3848] Net start_en in module/entity async_245_fifo does not have driver. [D:/Simdatablinkled/Simdatablinkled.srcs/sources_1/imports/new/async_245_fifo.v:38]
WARNING: [Synth 8-3848] Net iic_data[22] in module/entity async_245_fifo does not have driver. [D:/Simdatablinkled/Simdatablinkled.srcs/sources_1/imports/new/async_245_fifo.v:46]
WARNING: [Synth 8-3848] Net iic_data[21] in module/entity async_245_fifo does not have driver. [D:/Simdatablinkled/Simdatablinkled.srcs/sources_1/imports/new/async_245_fifo.v:46]
WARNING: [Synth 8-3848] Net iic_data[20] in module/entity async_245_fifo does not have driver. [D:/Simdatablinkled/Simdatablinkled.srcs/sources_1/imports/new/async_245_fifo.v:46]
WARNING: [Synth 8-3848] Net iic_data[19] in module/entity async_245_fifo does not have driver. [D:/Simdatablinkled/Simdatablinkled.srcs/sources_1/imports/new/async_245_fifo.v:46]
WARNING: [Synth 8-3848] Net iic_data[18] in module/entity async_245_fifo does not have driver. [D:/Simdatablinkled/Simdatablinkled.srcs/sources_1/imports/new/async_245_fifo.v:46]
WARNING: [Synth 8-3848] Net iic_data[17] in module/entity async_245_fifo does not have driver. [D:/Simdatablinkled/Simdatablinkled.srcs/sources_1/imports/new/async_245_fifo.v:46]
WARNING: [Synth 8-3848] Net iic_data[16] in module/entity async_245_fifo does not have driver. [D:/Simdatablinkled/Simdatablinkled.srcs/sources_1/imports/new/async_245_fifo.v:46]
WARNING: [Synth 8-3848] Net iic_data[15] in module/entity async_245_fifo does not have driver. [D:/Simdatablinkled/Simdatablinkled.srcs/sources_1/imports/new/async_245_fifo.v:46]
WARNING: [Synth 8-3848] Net iic_data[14] in module/entity async_245_fifo does not have driver. [D:/Simdatablinkled/Simdatablinkled.srcs/sources_1/imports/new/async_245_fifo.v:46]
WARNING: [Synth 8-3848] Net iic_data[13] in module/entity async_245_fifo does not have driver. [D:/Simdatablinkled/Simdatablinkled.srcs/sources_1/imports/new/async_245_fifo.v:46]
WARNING: [Synth 8-3848] Net iic_data[12] in module/entity async_245_fifo does not have driver. [D:/Simdatablinkled/Simdatablinkled.srcs/sources_1/imports/new/async_245_fifo.v:46]
WARNING: [Synth 8-3848] Net iic_data[11] in module/entity async_245_fifo does not have driver. [D:/Simdatablinkled/Simdatablinkled.srcs/sources_1/imports/new/async_245_fifo.v:46]
WARNING: [Synth 8-3848] Net iic_data[10] in module/entity async_245_fifo does not have driver. [D:/Simdatablinkled/Simdatablinkled.srcs/sources_1/imports/new/async_245_fifo.v:46]
WARNING: [Synth 8-3848] Net iic_data[9] in module/entity async_245_fifo does not have driver. [D:/Simdatablinkled/Simdatablinkled.srcs/sources_1/imports/new/async_245_fifo.v:46]
WARNING: [Synth 8-3848] Net iic_data[8] in module/entity async_245_fifo does not have driver. [D:/Simdatablinkled/Simdatablinkled.srcs/sources_1/imports/new/async_245_fifo.v:46]
WARNING: [Synth 8-3848] Net iic_data[7] in module/entity async_245_fifo does not have driver. [D:/Simdatablinkled/Simdatablinkled.srcs/sources_1/imports/new/async_245_fifo.v:46]
WARNING: [Synth 8-3848] Net iic_data[6] in module/entity async_245_fifo does not have driver. [D:/Simdatablinkled/Simdatablinkled.srcs/sources_1/imports/new/async_245_fifo.v:46]
WARNING: [Synth 8-3848] Net iic_data[5] in module/entity async_245_fifo does not have driver. [D:/Simdatablinkled/Simdatablinkled.srcs/sources_1/imports/new/async_245_fifo.v:46]
WARNING: [Synth 8-3848] Net iic_data[4] in module/entity async_245_fifo does not have driver. [D:/Simdatablinkled/Simdatablinkled.srcs/sources_1/imports/new/async_245_fifo.v:46]
WARNING: [Synth 8-3848] Net iic_data[3] in module/entity async_245_fifo does not have driver. [D:/Simdatablinkled/Simdatablinkled.srcs/sources_1/imports/new/async_245_fifo.v:46]
WARNING: [Synth 8-3848] Net iic_data[2] in module/entity async_245_fifo does not have driver. [D:/Simdatablinkled/Simdatablinkled.srcs/sources_1/imports/new/async_245_fifo.v:46]
WARNING: [Synth 8-3848] Net iic_data[1] in module/entity async_245_fifo does not have driver. [D:/Simdatablinkled/Simdatablinkled.srcs/sources_1/imports/new/async_245_fifo.v:46]
WARNING: [Synth 8-3848] Net iic_data[0] in module/entity async_245_fifo does not have driver. [D:/Simdatablinkled/Simdatablinkled.srcs/sources_1/imports/new/async_245_fifo.v:46]
WARNING: [Synth 8-3848] Net iic_done in module/entity async_245_fifo does not have driver. [D:/Simdatablinkled/Simdatablinkled.srcs/sources_1/imports/new/async_245_fifo.v:45]
WARNING: [Synth 8-3848] Net usb_done in module/entity async_245_fifo does not have driver. [D:/Simdatablinkled/Simdatablinkled.srcs/sources_1/imports/new/async_245_fifo.v:43]
INFO: [Synth 8-256] done synthesizing module 'async_245_fifo' (3#1) [D:/Simdatablinkled/Simdatablinkled.srcs/sources_1/imports/new/async_245_fifo.v:22]
WARNING: [Synth 8-3331] design fifo_proc has unconnected port i_start_en
WARNING: [Synth 8-3331] design fifo_proc has unconnected port iic_data_bus[183]
WARNING: [Synth 8-3331] design fifo_proc has unconnected port iic_data_bus[182]
WARNING: [Synth 8-3331] design fifo_proc has unconnected port iic_data_bus[181]
WARNING: [Synth 8-3331] design fifo_proc has unconnected port iic_data_bus[180]
WARNING: [Synth 8-3331] design fifo_proc has unconnected port iic_data_bus[179]
WARNING: [Synth 8-3331] design fifo_proc has unconnected port iic_data_bus[178]
WARNING: [Synth 8-3331] design fifo_proc has unconnected port iic_data_bus[177]
WARNING: [Synth 8-3331] design fifo_proc has unconnected port iic_data_bus[176]
WARNING: [Synth 8-3331] design fifo_proc has unconnected port iic_data_bus[175]
WARNING: [Synth 8-3331] design fifo_proc has unconnected port iic_data_bus[174]
WARNING: [Synth 8-3331] design fifo_proc has unconnected port iic_data_bus[173]
WARNING: [Synth 8-3331] design fifo_proc has unconnected port iic_data_bus[172]
WARNING: [Synth 8-3331] design fifo_proc has unconnected port iic_data_bus[171]
WARNING: [Synth 8-3331] design fifo_proc has unconnected port iic_data_bus[170]
WARNING: [Synth 8-3331] design fifo_proc has unconnected port iic_data_bus[169]
WARNING: [Synth 8-3331] design fifo_proc has unconnected port iic_data_bus[168]
WARNING: [Synth 8-3331] design fifo_proc has unconnected port iic_data_bus[167]
WARNING: [Synth 8-3331] design fifo_proc has unconnected port iic_data_bus[166]
WARNING: [Synth 8-3331] design fifo_proc has unconnected port iic_data_bus[165]
WARNING: [Synth 8-3331] design fifo_proc has unconnected port iic_data_bus[164]
WARNING: [Synth 8-3331] design fifo_proc has unconnected port iic_data_bus[163]
WARNING: [Synth 8-3331] design fifo_proc has unconnected port iic_data_bus[162]
WARNING: [Synth 8-3331] design fifo_proc has unconnected port iic_data_bus[161]
WARNING: [Synth 8-3331] design fifo_proc has unconnected port iic_data_bus[160]
WARNING: [Synth 8-3331] design fifo_proc has unconnected port iic_data_bus[159]
WARNING: [Synth 8-3331] design fifo_proc has unconnected port iic_data_bus[158]
WARNING: [Synth 8-3331] design fifo_proc has unconnected port iic_data_bus[157]
WARNING: [Synth 8-3331] design fifo_proc has unconnected port iic_data_bus[156]
WARNING: [Synth 8-3331] design fifo_proc has unconnected port iic_data_bus[155]
WARNING: [Synth 8-3331] design fifo_proc has unconnected port iic_data_bus[154]
WARNING: [Synth 8-3331] design fifo_proc has unconnected port iic_data_bus[153]
WARNING: [Synth 8-3331] design fifo_proc has unconnected port iic_data_bus[152]
WARNING: [Synth 8-3331] design fifo_proc has unconnected port iic_data_bus[151]
WARNING: [Synth 8-3331] design fifo_proc has unconnected port iic_data_bus[150]
WARNING: [Synth 8-3331] design fifo_proc has unconnected port iic_data_bus[149]
WARNING: [Synth 8-3331] design fifo_proc has unconnected port iic_data_bus[148]
WARNING: [Synth 8-3331] design fifo_proc has unconnected port iic_data_bus[147]
WARNING: [Synth 8-3331] design fifo_proc has unconnected port iic_data_bus[146]
WARNING: [Synth 8-3331] design fifo_proc has unconnected port iic_data_bus[145]
WARNING: [Synth 8-3331] design fifo_proc has unconnected port iic_data_bus[144]
WARNING: [Synth 8-3331] design fifo_proc has unconnected port iic_data_bus[143]
WARNING: [Synth 8-3331] design fifo_proc has unconnected port iic_data_bus[142]
WARNING: [Synth 8-3331] design fifo_proc has unconnected port iic_data_bus[141]
WARNING: [Synth 8-3331] design fifo_proc has unconnected port iic_data_bus[140]
WARNING: [Synth 8-3331] design fifo_proc has unconnected port iic_data_bus[139]
WARNING: [Synth 8-3331] design fifo_proc has unconnected port iic_data_bus[138]
WARNING: [Synth 8-3331] design fifo_proc has unconnected port iic_data_bus[137]
WARNING: [Synth 8-3331] design fifo_proc has unconnected port iic_data_bus[136]
WARNING: [Synth 8-3331] design fifo_proc has unconnected port iic_data_bus[135]
WARNING: [Synth 8-3331] design fifo_proc has unconnected port iic_data_bus[134]
WARNING: [Synth 8-3331] design fifo_proc has unconnected port iic_data_bus[133]
WARNING: [Synth 8-3331] design fifo_proc has unconnected port iic_data_bus[132]
WARNING: [Synth 8-3331] design fifo_proc has unconnected port iic_data_bus[131]
WARNING: [Synth 8-3331] design fifo_proc has unconnected port iic_data_bus[130]
WARNING: [Synth 8-3331] design fifo_proc has unconnected port iic_data_bus[129]
WARNING: [Synth 8-3331] design fifo_proc has unconnected port iic_data_bus[128]
WARNING: [Synth 8-3331] design fifo_proc has unconnected port iic_data_bus[127]
WARNING: [Synth 8-3331] design fifo_proc has unconnected port iic_data_bus[126]
WARNING: [Synth 8-3331] design fifo_proc has unconnected port iic_data_bus[125]
WARNING: [Synth 8-3331] design fifo_proc has unconnected port iic_data_bus[124]
WARNING: [Synth 8-3331] design fifo_proc has unconnected port iic_data_bus[123]
WARNING: [Synth 8-3331] design fifo_proc has unconnected port iic_data_bus[122]
WARNING: [Synth 8-3331] design fifo_proc has unconnected port iic_data_bus[121]
WARNING: [Synth 8-3331] design fifo_proc has unconnected port iic_data_bus[120]
WARNING: [Synth 8-3331] design fifo_proc has unconnected port iic_data_bus[119]
WARNING: [Synth 8-3331] design fifo_proc has unconnected port iic_data_bus[118]
WARNING: [Synth 8-3331] design fifo_proc has unconnected port iic_data_bus[117]
WARNING: [Synth 8-3331] design fifo_proc has unconnected port iic_data_bus[116]
WARNING: [Synth 8-3331] design fifo_proc has unconnected port iic_data_bus[115]
WARNING: [Synth 8-3331] design fifo_proc has unconnected port iic_data_bus[114]
WARNING: [Synth 8-3331] design fifo_proc has unconnected port iic_data_bus[113]
WARNING: [Synth 8-3331] design fifo_proc has unconnected port iic_data_bus[112]
WARNING: [Synth 8-3331] design fifo_proc has unconnected port iic_data_bus[111]
WARNING: [Synth 8-3331] design fifo_proc has unconnected port iic_data_bus[110]
WARNING: [Synth 8-3331] design fifo_proc has unconnected port iic_data_bus[109]
WARNING: [Synth 8-3331] design fifo_proc has unconnected port iic_data_bus[108]
WARNING: [Synth 8-3331] design fifo_proc has unconnected port iic_data_bus[107]
WARNING: [Synth 8-3331] design fifo_proc has unconnected port iic_data_bus[106]
WARNING: [Synth 8-3331] design fifo_proc has unconnected port iic_data_bus[105]
WARNING: [Synth 8-3331] design fifo_proc has unconnected port iic_data_bus[104]
WARNING: [Synth 8-3331] design fifo_proc has unconnected port iic_data_bus[103]
WARNING: [Synth 8-3331] design fifo_proc has unconnected port iic_data_bus[102]
WARNING: [Synth 8-3331] design fifo_proc has unconnected port iic_data_bus[101]
WARNING: [Synth 8-3331] design fifo_proc has unconnected port iic_data_bus[100]
WARNING: [Synth 8-3331] design fifo_proc has unconnected port iic_data_bus[99]
WARNING: [Synth 8-3331] design fifo_proc has unconnected port iic_data_bus[98]
WARNING: [Synth 8-3331] design fifo_proc has unconnected port iic_data_bus[97]
WARNING: [Synth 8-3331] design fifo_proc has unconnected port iic_data_bus[96]
WARNING: [Synth 8-3331] design fifo_proc has unconnected port iic_data_bus[95]
WARNING: [Synth 8-3331] design fifo_proc has unconnected port iic_data_bus[94]
WARNING: [Synth 8-3331] design fifo_proc has unconnected port iic_data_bus[93]
WARNING: [Synth 8-3331] design fifo_proc has unconnected port iic_data_bus[92]
WARNING: [Synth 8-3331] design fifo_proc has unconnected port iic_data_bus[91]
WARNING: [Synth 8-3331] design fifo_proc has unconnected port iic_data_bus[90]
WARNING: [Synth 8-3331] design fifo_proc has unconnected port iic_data_bus[89]
WARNING: [Synth 8-3331] design fifo_proc has unconnected port iic_data_bus[88]
WARNING: [Synth 8-3331] design fifo_proc has unconnected port iic_data_bus[87]
WARNING: [Synth 8-3331] design fifo_proc has unconnected port iic_data_bus[86]
WARNING: [Synth 8-3331] design fifo_proc has unconnected port iic_data_bus[85]
INFO: [Common 17-14] Message 'Synth 8-3331' appears 100 times and further instances of the messages will be disabled. Use the Tcl command set_msg_config to change the current settings.
---------------------------------------------------------------------------------
Finished RTL Elaboration : Time (s): cpu = 00:00:03 ; elapsed = 00:00:05 . Memory (MB): peak = 305.980 ; gain = 98.824
---------------------------------------------------------------------------------

Report Check Netlist: 
+------+------------------+-------+---------+-------+------------------+
|      |Item              |Errors |Warnings |Status |Description       |
+------+------------------+-------+---------+-------+------------------+
|1     |multi_driven_nets |      0|        0|Passed |Multi driven nets |
+------+------------------+-------+---------+-------+------------------+
---------------------------------------------------------------------------------
Finished RTL Optimization Phase 1 : Time (s): cpu = 00:00:03 ; elapsed = 00:00:05 . Memory (MB): peak = 305.980 ; gain = 98.824
---------------------------------------------------------------------------------
INFO: [Device 21-403] Loading part xc7a15tftg256-1
INFO: [Project 1-570] Preparing netlist for logic optimization

Processing XDC Constraints
Initializing timing engine
Parsing XDC File [D:/Simdatablinkled/Simdatablinkled.srcs/constrs_1/new/ft2232_constraint.xdc]
Finished Parsing XDC File [D:/Simdatablinkled/Simdatablinkled.srcs/constrs_1/new/ft2232_constraint.xdc]
INFO: [Project 1-236] Implementation specific constraints were found while reading constraint file [D:/Simdatablinkled/Simdatablinkled.srcs/constrs_1/new/ft2232_constraint.xdc]. These constraints will be ignored for synthesis but will be used in implementation. Impacted constraints are listed in the file [.Xil/async_245_fifo_propImpl.xdc].
Resolution: To avoid this warning, move constraints listed in [.Xil/async_245_fifo_propImpl.xdc] to another XDC file and exclude this new file from synthesis with the used_in_synthesis property (File Properties dialog in GUI) and re-run elaboration/synthesis.
Completed Processing XDC Constraints

INFO: [Project 1-111] Unisim Transformation Summary:
No Unisim elements were transformed.

Constraint Validation Runtime : Time (s): cpu = 00:00:00 ; elapsed = 00:00:00.005 . Memory (MB): peak = 588.492 ; gain = 0.000
---------------------------------------------------------------------------------
Finished Constraint Validation : Time (s): cpu = 00:00:09 ; elapsed = 00:00:11 . Memory (MB): peak = 588.492 ; gain = 381.336
---------------------------------------------------------------------------------
---------------------------------------------------------------------------------
Start Loading Part and Timing Information
---------------------------------------------------------------------------------
Loading part: xc7a15tftg256-1
---------------------------------------------------------------------------------
Finished Loading Part and Timing Information : Time (s): cpu = 00:00:09 ; elapsed = 00:00:11 . Memory (MB): peak = 588.492 ; gain = 381.336
---------------------------------------------------------------------------------
---------------------------------------------------------------------------------
Start Applying 'set_property' XDC Constraints
---------------------------------------------------------------------------------
---------------------------------------------------------------------------------
Finished applying 'set_property' XDC Constraints : Time (s): cpu = 00:00:09 ; elapsed = 00:00:11 . Memory (MB): peak = 588.492 ; gain = 381.336
---------------------------------------------------------------------------------
INFO: [Synth 8-5545] ROM "i" won't be mapped to RAM because address size (32) is larger than maximum supported(25)
INFO: [Synth 8-5545] ROM "j" won't be mapped to RAM because address size (32) is larger than maximum supported(25)
INFO: [Synth 8-5546] ROM "j" won't be mapped to RAM because it is too sparse
---------------------------------------------------------------------------------
Finished RTL Optimization Phase 2 : Time (s): cpu = 00:00:09 ; elapsed = 00:00:12 . Memory (MB): peak = 588.492 ; gain = 381.336
---------------------------------------------------------------------------------

Report RTL Partitions: 
+-+--------------+------------+----------+
| |RTL Partition |Replication |Instances |
+-+--------------+------------+----------+
+-+--------------+------------+----------+
---------------------------------------------------------------------------------
Start RTL Component Statistics 
---------------------------------------------------------------------------------
Detailed RTL Component Info : 
+---Adders : 
	   2 Input     32 Bit       Adders := 1     
+---Registers : 
	               32 Bit    Registers := 1     
	                8 Bit    Registers := 2     
	                1 Bit    Registers := 5     
+---Muxes : 
	   2 Input     32 Bit        Muxes := 1     
	   2 Input      8 Bit        Muxes := 2     
	   2 Input      1 Bit        Muxes := 7     
---------------------------------------------------------------------------------
Finished RTL Component Statistics 
---------------------------------------------------------------------------------
---------------------------------------------------------------------------------
Start RTL Hierarchical Component Statistics 
---------------------------------------------------------------------------------
Hierarchical RTL Component report 
Module sys_rst 
Detailed RTL Component Info : 
+---Registers : 
	                1 Bit    Registers := 2     
Module fifo_proc 
Detailed RTL Component Info : 
+---Adders : 
	   2 Input     32 Bit       Adders := 1     
+---Registers : 
	               32 Bit    Registers := 1     
	                8 Bit    Registers := 2     
	                1 Bit    Registers := 3     
+---Muxes : 
	   2 Input     32 Bit        Muxes := 1     
	   2 Input      8 Bit        Muxes := 2     
	   2 Input      1 Bit        Muxes := 7     
---------------------------------------------------------------------------------
Finished RTL Hierarchical Component Statistics
---------------------------------------------------------------------------------
---------------------------------------------------------------------------------
Start Part Resource Summary
---------------------------------------------------------------------------------
Part Resources:
DSPs: 45 (col length:60)
BRAMs: 50 (col length: RAMB18 60 RAMB36 30)
---------------------------------------------------------------------------------
Finished Part Resource Summary
---------------------------------------------------------------------------------
Start Parallel Synthesis Optimization  : Time (s): cpu = 00:00:09 ; elapsed = 00:00:12 . Memory (MB): peak = 588.492 ; gain = 381.336
---------------------------------------------------------------------------------
Start Cross Boundary Optimization
---------------------------------------------------------------------------------
INFO: [Synth 8-5545] ROM "nolabel_line312/j" won't be mapped to RAM because address size (32) is larger than maximum supported(25)
INFO: [Synth 8-5545] ROM "nolabel_line312/i" won't be mapped to RAM because address size (32) is larger than maximum supported(25)
---------------------------------------------------------------------------------
Finished Cross Boundary Optimization : Time (s): cpu = 00:00:09 ; elapsed = 00:00:12 . Memory (MB): peak = 588.492 ; gain = 381.336
---------------------------------------------------------------------------------
Finished Parallel Reinference  : Time (s): cpu = 00:00:09 ; elapsed = 00:00:12 . Memory (MB): peak = 588.492 ; gain = 381.336

Report RTL Partitions: 
+-+--------------+------------+----------+
| |RTL Partition |Replication |Instances |
+-+--------------+------------+----------+
+-+--------------+------------+----------+
---------------------------------------------------------------------------------
Start Area Optimization
---------------------------------------------------------------------------------
INFO: [Synth 8-3886] merging instance 'nolabel_line312/i_reg[5]' (FDCE) to 'nolabel_line312/i_reg[7]'
INFO: [Synth 8-3886] merging instance 'nolabel_line312/i_reg[4]' (FDCE) to 'nolabel_line312/i_reg[7]'
INFO: [Synth 8-3886] merging instance 'nolabel_line312/i_reg[7]' (FDCE) to 'nolabel_line312/i_reg[6]'
INFO: [Synth 8-3886] merging instance 'nolabel_line312/i_reg[6]' (FDCE) to 'nolabel_line312/i_reg[3]'
INFO: [Synth 8-3886] merging instance 'nolabel_line312/i_reg[3]' (FDCE) to 'nolabel_line312/i_reg[2]'
INFO: [Synth 8-3886] merging instance 'nolabel_line312/i_reg[1]' (FDCE) to 'nolabel_line312/i_reg[2]'
INFO: [Synth 8-3333] propagating constant 0 across sequential element (\nolabel_line312/i_reg[2] )
WARNING: [Synth 8-3332] Sequential element (nolabel_line312/i_reg[7]) is unused and will be removed from module async_245_fifo.
WARNING: [Synth 8-3332] Sequential element (nolabel_line312/i_reg[6]) is unused and will be removed from module async_245_fifo.
WARNING: [Synth 8-3332] Sequential element (nolabel_line312/i_reg[5]) is unused and will be removed from module async_245_fifo.
WARNING: [Synth 8-3332] Sequential element (nolabel_line312/i_reg[4]) is unused and will be removed from module async_245_fifo.
WARNING: [Synth 8-3332] Sequential element (nolabel_line312/i_reg[3]) is unused and will be removed from module async_245_fifo.
WARNING: [Synth 8-3332] Sequential element (nolabel_line312/i_reg[2]) is unused and will be removed from module async_245_fifo.
WARNING: [Synth 8-3332] Sequential element (nolabel_line312/i_reg[1]) is unused and will be removed from module async_245_fifo.
---------------------------------------------------------------------------------
Finished Area Optimization : Time (s): cpu = 00:00:09 ; elapsed = 00:00:12 . Memory (MB): peak = 588.492 ; gain = 381.336
---------------------------------------------------------------------------------
Finished Parallel Area Optimization  : Time (s): cpu = 00:00:09 ; elapsed = 00:00:12 . Memory (MB): peak = 588.492 ; gain = 381.336

Report RTL Partitions: 
+-+--------------+------------+----------+
| |RTL Partition |Replication |Instances |
+-+--------------+------------+----------+
+-+--------------+------------+----------+
---------------------------------------------------------------------------------
Start Timing Optimization
---------------------------------------------------------------------------------
---------------------------------------------------------------------------------
Start Applying XDC Timing Constraints
---------------------------------------------------------------------------------
---------------------------------------------------------------------------------
Finished Applying XDC Timing Constraints : Time (s): cpu = 00:00:15 ; elapsed = 00:00:18 . Memory (MB): peak = 588.492 ; gain = 381.336
---------------------------------------------------------------------------------
---------------------------------------------------------------------------------
Finished Timing Optimization : Time (s): cpu = 00:00:15 ; elapsed = 00:00:18 . Memory (MB): peak = 588.492 ; gain = 381.336
---------------------------------------------------------------------------------

Report RTL Partitions: 
+-+--------------+------------+----------+
| |RTL Partition |Replication |Instances |
+-+--------------+------------+----------+
+-+--------------+------------+----------+
---------------------------------------------------------------------------------
Start Technology Mapping
---------------------------------------------------------------------------------
---------------------------------------------------------------------------------
Finished Technology Mapping : Time (s): cpu = 00:00:15 ; elapsed = 00:00:18 . Memory (MB): peak = 588.492 ; gain = 381.336
---------------------------------------------------------------------------------
Finished Parallel Technology Mapping Optimization  : Time (s): cpu = 00:00:15 ; elapsed = 00:00:18 . Memory (MB): peak = 588.492 ; gain = 381.336

Report RTL Partitions: 
+-+--------------+------------+----------+
| |RTL Partition |Replication |Instances |
+-+--------------+------------+----------+
+-+--------------+------------+----------+
Finished Parallel Synthesis Optimization  : Time (s): cpu = 00:00:15 ; elapsed = 00:00:18 . Memory (MB): peak = 588.492 ; gain = 381.336
---------------------------------------------------------------------------------
Start IO Insertion
---------------------------------------------------------------------------------
---------------------------------------------------------------------------------
Start Flattening Before IO Insertion
---------------------------------------------------------------------------------
---------------------------------------------------------------------------------
Finished Flattening Before IO Insertion
---------------------------------------------------------------------------------
---------------------------------------------------------------------------------
Start Final Netlist Cleanup
---------------------------------------------------------------------------------
---------------------------------------------------------------------------------
Finished Final Netlist Cleanup
---------------------------------------------------------------------------------
---------------------------------------------------------------------------------
Finished IO Insertion : Time (s): cpu = 00:00:16 ; elapsed = 00:00:18 . Memory (MB): peak = 588.492 ; gain = 381.336
---------------------------------------------------------------------------------

Report Check Netlist: 
+------+------------------+-------+---------+-------+------------------+
|      |Item              |Errors |Warnings |Status |Description       |
+------+------------------+-------+---------+-------+------------------+
|1     |multi_driven_nets |      0|        0|Passed |Multi driven nets |
+------+------------------+-------+---------+-------+------------------+
---------------------------------------------------------------------------------
Start Renaming Generated Instances
---------------------------------------------------------------------------------
---------------------------------------------------------------------------------
Finished Renaming Generated Instances : Time (s): cpu = 00:00:16 ; elapsed = 00:00:18 . Memory (MB): peak = 588.492 ; gain = 381.336
---------------------------------------------------------------------------------

Report RTL Partitions: 
+-+--------------+------------+----------+
| |RTL Partition |Replication |Instances |
+-+--------------+------------+----------+
+-+--------------+------------+----------+
---------------------------------------------------------------------------------
Start Rebuilding User Hierarchy
---------------------------------------------------------------------------------
---------------------------------------------------------------------------------
Finished Rebuilding User Hierarchy : Time (s): cpu = 00:00:16 ; elapsed = 00:00:18 . Memory (MB): peak = 588.492 ; gain = 381.336
---------------------------------------------------------------------------------
---------------------------------------------------------------------------------
Start Renaming Generated Ports
---------------------------------------------------------------------------------
---------------------------------------------------------------------------------
Finished Renaming Generated Ports : Time (s): cpu = 00:00:16 ; elapsed = 00:00:18 . Memory (MB): peak = 588.492 ; gain = 381.336
---------------------------------------------------------------------------------
---------------------------------------------------------------------------------
Start Handling Custom Attributes
---------------------------------------------------------------------------------
---------------------------------------------------------------------------------
Finished Handling Custom Attributes : Time (s): cpu = 00:00:16 ; elapsed = 00:00:19 . Memory (MB): peak = 588.492 ; gain = 381.336
---------------------------------------------------------------------------------
---------------------------------------------------------------------------------
Start Renaming Generated Nets
---------------------------------------------------------------------------------
---------------------------------------------------------------------------------
Finished Renaming Generated Nets : Time (s): cpu = 00:00:16 ; elapsed = 00:00:19 . Memory (MB): peak = 588.492 ; gain = 381.336
---------------------------------------------------------------------------------
---------------------------------------------------------------------------------
Start Writing Synthesis Report
---------------------------------------------------------------------------------

Report BlackBoxes: 
+-+--------------+----------+
| |BlackBox name |Instances |
+-+--------------+----------+
+-+--------------+----------+

Report Cell Usage: 
+------+-------+------+
|      |Cell   |Count |
+------+-------+------+
|1     |BUFG   |     1|
|2     |CARRY4 |     8|
|3     |LUT1   |    33|
|4     |LUT4   |     4|
|5     |LUT5   |    36|
|6     |FDCE   |    34|
|7     |FDPE   |     2|
|8     |IBUF   |     2|
|9     |OBUF   |     1|
|10    |OBUFT  |    25|
+------+-------+------+

Report Instance Areas: 
+------+------------------+----------+------+
|      |Instance          |Module    |Cells |
+------+------------------+----------+------+
|1     |top               |          |   146|
|2     |  SYS_RST         |sys_rst   |     2|
|3     |  nolabel_line312 |fifo_proc |   115|
+------+------------------+----------+------+
---------------------------------------------------------------------------------
Finished Writing Synthesis Report : Time (s): cpu = 00:00:16 ; elapsed = 00:00:19 . Memory (MB): peak = 588.492 ; gain = 381.336
---------------------------------------------------------------------------------
Synthesis finished with 0 errors, 0 critical warnings and 65 warnings.
Synthesis Optimization Runtime : Time (s): cpu = 00:00:10 ; elapsed = 00:00:13 . Memory (MB): peak = 588.492 ; gain = 98.824
Synthesis Optimization Complete : Time (s): cpu = 00:00:16 ; elapsed = 00:00:19 . Memory (MB): peak = 588.492 ; gain = 381.336
INFO: [Project 1-571] Translating synthesized netlist
INFO: [Netlist 29-17] Analyzing 10 Unisim elements for replacement
INFO: [Netlist 29-28] Unisim Transformation completed in 0 CPU seconds
INFO: [Project 1-570] Preparing netlist for logic optimization
INFO: [Opt 31-138] Pushed 0 inverter(s) to 0 load pin(s).
INFO: [Project 1-111] Unisim Transformation Summary:
No Unisim elements were transformed.

INFO: [Common 17-83] Releasing license: Synthesis
32 Infos, 160 Warnings, 0 Critical Warnings and 0 Errors encountered.
synth_design completed successfully
synth_design: Time (s): cpu = 00:00:16 ; elapsed = 00:00:18 . Memory (MB): peak = 588.492 ; gain = 381.336
report_utilization: Time (s): cpu = 00:00:00 ; elapsed = 00:00:00.011 . Memory (MB): peak = 588.492 ; gain = 0.000
INFO: [Common 17-206] Exiting Vivado at Thu May 09 14:41:11 2019...
